<?xml version="1.0" encoding="UTF-8"?>
<!-- Generated by org.testng.reporters.JUnitReportReporter -->
<testsuite hostname="DESKTOP-LJUN8GS" failures="0" tests="2" name="tests.CreatePersonTest" time="1.279" errors="0" timestamp="2023-05-25T15:20:20 EET" skipped="0">
  <testcase classname="tests.CreatePersonTest" name="create_person" time="1.232"/>
  <system-out/>
  <testcase classname="tests.CreatePersonTest" name="deletePersonTest" time="0.047"/>
  <system-out/>
</testsuite> <!-- tests.CreatePersonTest -->
