<?xml version="1.0" encoding="UTF-8"?>
<!-- Generated by org.testng.reporters.JUnitReportReporter -->
<testsuite hostname="DESKTOP-LJUN8GS" failures="0" tests="1" name="tests.GetAllPersons" time="0.098" errors="0" timestamp="2023-05-25T15:20:20 EET" skipped="0">
  <testcase classname="tests.GetAllPersons" name="testgetall" time="0.098"/>
  <system-out/>
</testsuite> <!-- tests.GetAllPersons -->
