<?xml version="1.0" encoding="UTF-8"?>
<!-- Generated by org.testng.reporters.JUnitReportReporter -->
<testsuite hostname="DESKTOP-LJUN8GS" failures="0" tests="3" name="tests.PatchPersontest" time="0.192" errors="0" timestamp="2023-05-25T15:20:20 EET" skipped="0">
  <testcase classname="tests.PatchPersontest" name="create_person" time="0.084"/>
  <system-out/>
  <testcase classname="tests.PatchPersontest" name="updatePersonTest" time="0.064"/>
  <system-out/>
  <testcase classname="tests.PatchPersontest" name="deletePersonTest" time="0.044"/>
  <system-out/>
</testsuite> <!-- tests.PatchPersontest -->
