<?xml version="1.0" encoding="UTF-8"?>
<!-- Generated by org.testng.reporters.JUnitReportReporter -->
<testsuite hostname="DESKTOP-LJUN8GS" failures="0" tests="2" name="tests.DeletePersonTest" time="0.106" errors="0" timestamp="2023-05-25T15:20:20 EET" skipped="0">
  <testcase classname="tests.DeletePersonTest" name="create_person" time="0.068"/>
  <system-out/>
  <testcase classname="tests.DeletePersonTest" name="deletePersonTest" time="0.038"/>
  <system-out/>
</testsuite> <!-- tests.DeletePersonTest -->
