<?xml version="1.0" encoding="UTF-8"?>
<!-- Generated by org.testng.reporters.JUnitReportReporter -->
<testsuite hostname="DESKTOP-LJUN8GS" failures="0" tests="3" name="tests.E2E" time="0.130" errors="0" timestamp="2023-06-01T12:51:52 EET" skipped="0">
  <testcase classname="tests.E2E" name="create_person" time="0.046"/>
  <system-out/>
  <testcase classname="tests.E2E" name="updatePersonTest" time="0.054"/>
  <system-out/>
  <testcase classname="tests.E2E" name="deletePersonTest" time="0.030"/>
  <system-out/>
</testsuite> <!-- tests.E2E -->
