<?xml version="1.0" encoding="UTF-8"?>
<!-- Generated by org.testng.reporters.JUnitReportReporter -->
<testsuite hostname="DESKTOP-LJUN8GS" failures="0" tests="1" name="tests.GetAllPersons" time="0.067" errors="0" timestamp="2023-06-01T12:51:52 EET" skipped="0">
  <testcase classname="tests.GetAllPersons" name="testgetall" time="0.067"/>
  <system-out/>
</testsuite> <!-- tests.GetAllPersons -->
