<?xml version="1.0" encoding="UTF-8"?>
<!-- Generated by org.testng.reporters.JUnitReportReporter -->
<testsuite hostname="DESKTOP-LJUN8GS" failures="0" tests="2" name="tests.DeletePersonTest" time="0.103" errors="0" timestamp="2023-06-01T12:51:52 EET" skipped="0">
  <testcase classname="tests.DeletePersonTest" name="deletePersonTest" time="0.036"/>
  <system-out/>
  <testcase classname="tests.DeletePersonTest" name="create_person" time="0.067"/>
  <system-out/>
</testsuite> <!-- tests.DeletePersonTest -->
